[debug] [2024-12-16T14:03:13.037Z] ----------------------------------------------------------------------
[debug] [2024-12-16T14:03:13.039Z] Command:       C:\Program Files\nodejs\node.exe C:\Users\vipul\AppData\Roaming\npm\node_modules\firebase-tools\lib\bin\firebase.js deploy
[debug] [2024-12-16T14:03:13.039Z] CLI Version:   13.16.0
[debug] [2024-12-16T14:03:13.039Z] Platform:      win32
[debug] [2024-12-16T14:03:13.039Z] Node Version:  v20.17.0
[debug] [2024-12-16T14:03:13.039Z] Time:          Mon Dec 16 2024 19:33:13 GMT+0530 (India Standard Time)
[debug] [2024-12-16T14:03:13.039Z] ----------------------------------------------------------------------
[debug] 
[debug] [2024-12-16T14:03:13.042Z] >>> [apiv2][query] GET https://firebase-public.firebaseio.com/cli.json [none]
[debug] [2024-12-16T14:03:13.117Z] > command requires scopes: ["email","openid","https://www.googleapis.com/auth/cloudplatformprojects.readonly","https://www.googleapis.com/auth/firebase","https://www.googleapis.com/auth/cloud-platform"]
[debug] [2024-12-16T14:03:13.117Z] > authorizing via signed-in user (vipulgoyal776@gmail.com)
[debug] [2024-12-16T14:03:13.117Z] [iam] checking project saewebsite-8a145 for permissions ["firebase.projects.get","firebasehosting.sites.update"]
[debug] [2024-12-16T14:03:13.118Z] > refreshing access token with scopes: []
[debug] [2024-12-16T14:03:13.118Z] >>> [apiv2][query] POST https://www.googleapis.com/oauth2/v3/token [none]
[debug] [2024-12-16T14:03:13.118Z] >>> [apiv2][body] POST https://www.googleapis.com/oauth2/v3/token [omitted]
[debug] [2024-12-16T14:03:13.617Z] <<< [apiv2][status] POST https://www.googleapis.com/oauth2/v3/token 200
[debug] [2024-12-16T14:03:13.617Z] <<< [apiv2][body] POST https://www.googleapis.com/oauth2/v3/token [omitted]
[debug] [2024-12-16T14:03:13.638Z] >>> [apiv2][query] POST https://cloudresourcemanager.googleapis.com/v1/projects/saewebsite-8a145:testIamPermissions [none]
[debug] [2024-12-16T14:03:13.638Z] >>> [apiv2][(partial)header] POST https://cloudresourcemanager.googleapis.com/v1/projects/saewebsite-8a145:testIamPermissions x-goog-quota-user=projects/saewebsite-8a145
[debug] [2024-12-16T14:03:13.638Z] >>> [apiv2][body] POST https://cloudresourcemanager.googleapis.com/v1/projects/saewebsite-8a145:testIamPermissions {"permissions":["firebase.projects.get","firebasehosting.sites.update"]}
[debug] [2024-12-16T14:03:13.940Z] <<< [apiv2][status] GET https://firebase-public.firebaseio.com/cli.json 200
[debug] [2024-12-16T14:03:13.940Z] <<< [apiv2][body] GET https://firebase-public.firebaseio.com/cli.json {"cloudBuildErrorAfter":1594252800000,"cloudBuildWarnAfter":1590019200000,"defaultNode10After":1594252800000,"minVersion":"3.0.5","node8DeploysDisabledAfter":1613390400000,"node8RuntimeDisabledAfter":1615809600000,"node8WarnAfter":1600128000000}
[debug] [2024-12-16T14:03:15.474Z] <<< [apiv2][status] POST https://cloudresourcemanager.googleapis.com/v1/projects/saewebsite-8a145:testIamPermissions 200
[debug] [2024-12-16T14:03:15.475Z] <<< [apiv2][body] POST https://cloudresourcemanager.googleapis.com/v1/projects/saewebsite-8a145:testIamPermissions {}
[debug] [2024-12-16T14:03:15.475Z] [iam] error while checking permissions, command may fail: FirebaseError: Authorization failed. This account is missing the following required permissions on project saewebsite-8a145:

  firebase.projects.get
  firebasehosting.sites.update
[debug] [2024-12-16T14:03:15.475Z] >>> [apiv2][query] GET https://firebase.googleapis.com/v1beta1/projects/saewebsite-8a145 [none]
[debug] [2024-12-16T14:03:16.081Z] <<< [apiv2][status] GET https://firebase.googleapis.com/v1beta1/projects/saewebsite-8a145 403
[debug] [2024-12-16T14:03:16.081Z] <<< [apiv2][body] GET https://firebase.googleapis.com/v1beta1/projects/saewebsite-8a145 {"error":{"code":403,"message":"The caller does not have permission","status":"PERMISSION_DENIED"}}
[debug] [2024-12-16T14:03:16.083Z] HTTP Error: 403, The caller does not have permission
[debug] [2024-12-16T14:03:16.374Z] FirebaseError: HTTP Error: 403, The caller does not have permission
    at responseToError (C:\Users\vipul\AppData\Roaming\npm\node_modules\firebase-tools\lib\responseToError.js:49:12)
    at RetryOperation._fn (C:\Users\vipul\AppData\Roaming\npm\node_modules\firebase-tools\lib\apiv2.js:305:77)
    at process.processTicksAndRejections (node:internal/process/task_queues:95:5)
[error] 
[error] Error: Failed to get Firebase project saewebsite-8a145. Please make sure the project exists and your account has permission to access it.
